Arguments: 
  /usr/bin/node /usr/bin/yarn install

PATH: 
  /home/shasherazi/.rvm/gems/ruby-3.2.2/bin:/home/shasherazi/.rvm/gems/ruby-3.2.2@global/bin:/home/shasherazi/.rvm/rubies/ruby-3.2.2/bin:/usr/local/sbin:/usr/local/bin:/usr/bin:/var/lib/flatpak/exports/bin:/usr/bin/site_perl:/usr/bin/vendor_perl:/usr/bin/core_perl:/home/shasherazi/.local/share/gem/ruby/3.0.0/bin:/home/shasherazi/.local/bin:/home/shasherazi/.rvm/bin

Yarn version: 
  1.22.19

Node version: 
  20.5.0

Platform: 
  linux x64

Trace: 
  AggregateError
      at internalConnectMultiple (node:net:1114:18)
      at internalConnectMultiple (node:net:1177:5)
      at internalConnectMultiple (node:net:1177:5)
      at internalConnectMultiple (node:net:1177:5)
      at internalConnectMultiple (node:net:1177:5)
      at internalConnectMultiple (node:net:1177:5)
      at internalConnectMultiple (node:net:1177:5)
      at internalConnectMultiple (node:net:1177:5)
      at Timeout.internalConnectMultipleTimeout (node:net:1687:3)

npm manifest: 
  {
    "name": "portfolio",
    "private": true,
    "version": "0.0.0",
    "type": "module",
    "scripts": {
      "dev": "vite",
      "build": "tsc && vite build",
      "lint": "eslint . --ext ts,tsx --report-unused-disable-directives --max-warnings 0",
      "preview": "vite preview"
    },
    "dependencies": {
      "react": "^18.2.0",
      "react-dom": "^18.2.0"
    },
    "devDependencies": {
      "@types/react": "^18.2.15",
      "@types/react-dom": "^18.2.7",
      "@typescript-eslint/eslint-plugin": "^6.0.0",
      "@typescript-eslint/parser": "^6.0.0",
      "@vitejs/plugin-react-swc": "^3.3.2",
      "eslint": "^8.45.0",
      "eslint-plugin-react-hooks": "^4.6.0",
      "eslint-plugin-react-refresh": "^0.4.3",
      "typescript": "^5.0.2",
      "vite": "^4.4.5"
    }
  }

yarn manifest: 
  No manifest

Lockfile: 
  No lockfile
